[ 2016-04-12T12:28:35+08:00 ] 192.168.0.105 /Git/epm/project/
INFO: [ app_init ] --START--
INFO: Run Behavior\BuildLiteBehavior [ RunTime:0.000050s ]
INFO: [ app_init ] --END-- [ RunTime:0.000866s ]

[ 2016-04-12T12:28:49+08:00 ] 192.168.0.105 /Git/epm/project/
INFO: [ app_init ] --START--
INFO: Run Behavior\BuildLiteBehavior [ RunTime:0.000038s ]
INFO: [ app_init ] --END-- [ RunTime:0.000700s ]

[ 2016-04-12T12:28:54+08:00 ] 192.168.0.105 /Git/epm/project/index.php/Home/Personal/information.html
INFO: [ app_init ] --START--
INFO: Run Behavior\BuildLiteBehavior [ RunTime:0.000039s ]
INFO: [ app_init ] --END-- [ RunTime:0.000613s ]

[ 2016-04-12T12:29:36+08:00 ] 192.168.0.105 /Git/epm/project/index.php/Home/Personal/information.html
INFO: [ app_init ] --START--
INFO: Run Behavior\BuildLiteBehavior [ RunTime:0.000033s ]
INFO: [ app_init ] --END-- [ RunTime:0.000596s ]

[ 2016-04-12T12:30:07+08:00 ] 192.168.0.105 /Git/epm/project/
INFO: [ app_init ] --START--
INFO: Run Behavior\BuildLiteBehavior [ RunTime:0.000036s ]
INFO: [ app_init ] --END-- [ RunTime:0.000635s ]

[ 2016-04-12T12:30:13+08:00 ] 192.168.0.105 /Git/epm/project/index.php/Home/Login/logout.html
INFO: [ app_init ] --START--
INFO: Run Behavior\BuildLiteBehavior [ RunTime:0.000041s ]
INFO: [ app_init ] --END-- [ RunTime:0.000732s ]

[ 2016-04-12T12:30:14+08:00 ] 192.168.0.105 /Git/epm/project/index.php/Home/Login/index.html
INFO: [ app_init ] --START--
INFO: Run Behavior\BuildLiteBehavior [ RunTime:0.000026s ]
INFO: [ app_init ] --END-- [ RunTime:0.000457s ]

[ 2016-04-12T12:30:14+08:00 ] 192.168.0.105 /Git/epm/project/index.php/Home/Login/chkCode.html
INFO: [ app_init ] --START--
INFO: Run Behavior\BuildLiteBehavior [ RunTime:0.000043s ]
INFO: [ app_init ] --END-- [ RunTime:0.000738s ]

[ 2016-04-12T12:30:37+08:00 ] 192.168.0.105 /Git/epm/project/index.php/Home/Login/chkCode.html?ssid=0.46645143488422036
INFO: [ app_init ] --START--
INFO: Run Behavior\BuildLiteBehavior [ RunTime:0.000054s ]
INFO: [ app_init ] --END-- [ RunTime:0.000864s ]

[ 2016-04-12T12:30:40+08:00 ] 192.168.0.105 /Git/epm/project/index.php/Home/Login/chkCode.html?ssid=0.524270519381389
INFO: [ app_init ] --START--
INFO: Run Behavior\BuildLiteBehavior [ RunTime:0.000092s ]
INFO: [ app_init ] --END-- [ RunTime:0.001475s ]

[ 2016-04-12T12:31:10+08:00 ] 192.168.0.105 /Git/epm/project/index.php/Home/Login/login.html
INFO: [ app_init ] --START--
INFO: Run Behavior\BuildLiteBehavior [ RunTime:0.000054s ]
INFO: [ app_init ] --END-- [ RunTime:0.000874s ]

[ 2016-04-12T12:31:13+08:00 ] 192.168.0.105 /Git/epm/project/index.php/Home/Login/index.html
INFO: [ app_init ] --START--
INFO: Run Behavior\BuildLiteBehavior [ RunTime:0.000039s ]
INFO: [ app_init ] --END-- [ RunTime:0.000634s ]

[ 2016-04-12T12:31:13+08:00 ] 192.168.0.105 /Git/epm/project/index.php/Home/Login/chkCode.html
INFO: [ app_init ] --START--
INFO: Run Behavior\BuildLiteBehavior [ RunTime:0.000093s ]
INFO: [ app_init ] --END-- [ RunTime:0.001520s ]

[ 2016-04-12T12:31:27+08:00 ] 192.168.0.105 /Git/epm/project/index.php/Home/Login/chkCode.html?ssid=0.5208115309942514
INFO: [ app_init ] --START--
INFO: Run Behavior\BuildLiteBehavior [ RunTime:0.000116s ]
INFO: [ app_init ] --END-- [ RunTime:0.001371s ]

[ 2016-04-12T12:31:35+08:00 ] 192.168.0.105 /Git/epm/project/index.php/Home/Login/login.html
INFO: [ app_init ] --START--
INFO: Run Behavior\BuildLiteBehavior [ RunTime:0.000039s ]
INFO: [ app_init ] --END-- [ RunTime:0.000623s ]

[ 2016-04-12T12:31:37+08:00 ] 192.168.0.105 /Git/epm/project/index.php/Home/index/index.html
INFO: [ app_init ] --START--
INFO: Run Behavior\BuildLiteBehavior [ RunTime:0.000042s ]
INFO: [ app_init ] --END-- [ RunTime:0.000682s ]

[ 2016-04-12T12:31:46+08:00 ] 192.168.0.105 /Git/epm/project/index.php/Home/Personal/information.html
INFO: [ app_init ] --START--
INFO: Run Behavior\BuildLiteBehavior [ RunTime:0.000057s ]
INFO: [ app_init ] --END-- [ RunTime:0.000887s ]

[ 2016-04-12T12:31:53+08:00 ] 192.168.0.105 /Git/epm/project/index.php/Home/Personal/information.html
INFO: [ app_init ] --START--
INFO: Run Behavior\BuildLiteBehavior [ RunTime:0.000039s ]
INFO: [ app_init ] --END-- [ RunTime:0.000647s ]

[ 2016-04-12T12:32:21+08:00 ] 192.168.0.105 /Git/epm/project/index.php/Home/Personal/information.html
INFO: [ app_init ] --START--
INFO: Run Behavior\BuildLiteBehavior [ RunTime:0.000046s ]
INFO: [ app_init ] --END-- [ RunTime:0.000640s ]

[ 2016-04-12T12:33:02+08:00 ] 192.168.0.105 /Git/epm/project/index.php/Home/Personal/information.html
INFO: [ app_init ] --START--
INFO: Run Behavior\BuildLiteBehavior [ RunTime:0.000039s ]
INFO: [ app_init ] --END-- [ RunTime:0.000662s ]

[ 2016-04-12T12:36:24+08:00 ] 192.168.0.105 /Git/epm/project/
INFO: [ app_init ] --START--
INFO: Run Behavior\BuildLiteBehavior [ RunTime:0.000051s ]
INFO: [ app_init ] --END-- [ RunTime:0.000783s ]

[ 2016-04-12T12:36:29+08:00 ] 192.168.0.105 /Git/epm/project/index.php/Home/Login/logout.html
INFO: [ app_init ] --START--
INFO: Run Behavior\BuildLiteBehavior [ RunTime:0.000063s ]
INFO: [ app_init ] --END-- [ RunTime:0.000932s ]

[ 2016-04-12T12:36:29+08:00 ] 192.168.0.105 /Git/epm/project/index.php/Home/Login/index.html
INFO: [ app_init ] --START--
INFO: Run Behavior\BuildLiteBehavior [ RunTime:0.000054s ]
INFO: [ app_init ] --END-- [ RunTime:0.000869s ]

[ 2016-04-12T12:36:29+08:00 ] 192.168.0.105 /Git/epm/project/index.php/Home/Login/chkCode.html
INFO: [ app_init ] --START--
INFO: Run Behavior\BuildLiteBehavior [ RunTime:0.000045s ]
INFO: [ app_init ] --END-- [ RunTime:0.000632s ]

[ 2016-04-12T12:40:56+08:00 ] 192.168.0.105 /Git/epm/project/index.php/Home/Login/login.html
INFO: [ app_init ] --START--
INFO: Run Behavior\BuildLiteBehavior [ RunTime:0.000055s ]
INFO: [ app_init ] --END-- [ RunTime:0.000803s ]

[ 2016-04-12T12:40:57+08:00 ] 192.168.0.105 /Git/epm/project/index.php/Home/index/index.html
INFO: [ app_init ] --START--
INFO: Run Behavior\BuildLiteBehavior [ RunTime:0.000044s ]
INFO: [ app_init ] --END-- [ RunTime:0.000631s ]

[ 2016-04-12T12:41:04+08:00 ] 192.168.0.105 /Git/epm/project/index.php/Home/Personal/information.html
INFO: [ app_init ] --START--
INFO: Run Behavior\BuildLiteBehavior [ RunTime:0.000049s ]
INFO: [ app_init ] --END-- [ RunTime:0.000858s ]

[ 2016-04-12T13:26:28+08:00 ] 192.168.0.105 /Git/epm/project/
INFO: [ app_init ] --START--
INFO: Run Behavior\BuildLiteBehavior [ RunTime:0.000047s ]
INFO: [ app_init ] --END-- [ RunTime:0.000789s ]

[ 2016-04-12T13:26:34+08:00 ] 192.168.0.105 /Git/epm/project/index.php/Home/BsPart/partya.html
INFO: [ app_init ] --START--
INFO: Run Behavior\BuildLiteBehavior [ RunTime:0.000040s ]
INFO: [ app_init ] --END-- [ RunTime:0.000627s ]
ERR: 无法加载控制器:BsPart

[ 2016-04-12T17:03:44+08:00 ] ::1 /Git/epm/project/index.php/Home/Personal/information.html
INFO: [ app_init ] --START--
INFO: Run Behavior\BuildLiteBehavior [ RunTime:0.000033s ]
INFO: [ app_init ] --END-- [ RunTime:0.000728s ]

[ 2016-04-12T17:03:48+08:00 ] ::1 /Git/epm/project/index.php/Home/BsPart/partya.html
INFO: [ app_init ] --START--
INFO: Run Behavior\BuildLiteBehavior [ RunTime:0.000043s ]
INFO: [ app_init ] --END-- [ RunTime:0.000599s ]

[ 2016-04-12T17:03:54+08:00 ] ::1 /Git/epm/project/index.php/Home/BsPart/status.html
INFO: [ app_init ] --START--
INFO: Run Behavior\BuildLiteBehavior [ RunTime:0.000046s ]
INFO: [ app_init ] --END-- [ RunTime:0.000622s ]
INFO: [ app_begin ] --START--
INFO: Run Behavior\ReadHtmlCacheBehavior [ RunTime:0.000488s ]
INFO: [ app_begin ] --END-- [ RunTime:0.000619s ]
SQL: UPDATE `epm_baseset_partya` SET `status`=2 WHERE `id` = 2 [ RunTime:0.019720s ]
INFO: [ app_end ] --START--
INFO: Run Behavior\ShowPageTraceBehavior [ RunTime:0.000706s ]
INFO: [ app_end ] --END-- [ RunTime:0.000812s ]

[ 2016-04-12T17:03:55+08:00 ] ::1 /Git/epm/project/index.php/Home/BsPart/status.html
INFO: [ app_init ] --START--
INFO: Run Behavior\BuildLiteBehavior [ RunTime:0.000028s ]
INFO: [ app_init ] --END-- [ RunTime:0.000412s ]
INFO: [ app_begin ] --START--
INFO: Run Behavior\ReadHtmlCacheBehavior [ RunTime:0.000458s ]
INFO: [ app_begin ] --END-- [ RunTime:0.000588s ]
SQL: UPDATE `epm_baseset_partya` SET `status`=1 WHERE `id` = 2 [ RunTime:0.009223s ]
INFO: [ app_end ] --START--
INFO: Run Behavior\ShowPageTraceBehavior [ RunTime:0.001043s ]
INFO: [ app_end ] --END-- [ RunTime:0.001151s ]

[ 2016-04-12T17:03:56+08:00 ] ::1 /Git/epm/project/index.php/Home/BsPart/status.html
INFO: [ app_init ] --START--
INFO: Run Behavior\BuildLiteBehavior [ RunTime:0.000029s ]
INFO: [ app_init ] --END-- [ RunTime:0.000426s ]
INFO: [ app_begin ] --START--
INFO: Run Behavior\ReadHtmlCacheBehavior [ RunTime:0.000441s ]
INFO: [ app_begin ] --END-- [ RunTime:0.000558s ]
SQL: UPDATE `epm_baseset_partya` SET `status`=1 WHERE `id` = 1 [ RunTime:0.008656s ]
INFO: [ app_end ] --START--
INFO: Run Behavior\ShowPageTraceBehavior [ RunTime:0.000705s ]
INFO: [ app_end ] --END-- [ RunTime:0.000808s ]

[ 2016-04-12T17:03:56+08:00 ] ::1 /Git/epm/project/index.php/Home/BsPart/status.html
INFO: [ app_init ] --START--
INFO: Run Behavior\BuildLiteBehavior [ RunTime:0.000029s ]
INFO: [ app_init ] --END-- [ RunTime:0.000417s ]
INFO: [ app_begin ] --START--
INFO: Run Behavior\ReadHtmlCacheBehavior [ RunTime:0.000442s ]
INFO: [ app_begin ] --END-- [ RunTime:0.000557s ]
SQL: UPDATE `epm_baseset_partya` SET `status`=2 WHERE `id` = 1 [ RunTime:0.010146s ]
INFO: [ app_end ] --START--
INFO: Run Behavior\ShowPageTraceBehavior [ RunTime:0.000700s ]
INFO: [ app_end ] --END-- [ RunTime:0.000805s ]

[ 2016-04-12T17:03:58+08:00 ] ::1 /Git/epm/project/index.php/Home/BsPart/updatepartya/id/1.html
INFO: [ app_init ] --START--
INFO: Run Behavior\BuildLiteBehavior [ RunTime:0.000053s ]
INFO: [ app_init ] --END-- [ RunTime:0.000653s ]

[ 2016-04-12T17:03:59+08:00 ] ::1 /Git/epm/project/index.php/Home/BsPart/updatepartya
INFO: [ app_init ] --START--
INFO: Run Behavior\BuildLiteBehavior [ RunTime:0.000028s ]
INFO: [ app_init ] --END-- [ RunTime:0.000450s ]

[ 2016-04-12T17:04:29+08:00 ] ::1 /Git/epm/project/index.php/Home/BsPart/partya.html
INFO: [ app_init ] --START--
INFO: Run Behavior\BuildLiteBehavior [ RunTime:0.000026s ]
INFO: [ app_init ] --END-- [ RunTime:0.000395s ]

[ 2016-04-12T17:04:44+08:00 ] ::1 /Git/epm/project/index.php/Home/Index/index.html
INFO: [ app_init ] --START--
INFO: Run Behavior\BuildLiteBehavior [ RunTime:0.000028s ]
INFO: [ app_init ] --END-- [ RunTime:0.000408s ]

[ 2016-04-12T17:04:52+08:00 ] ::1 /Git/epm/project/index.php/Home/Personal/information.html
INFO: [ app_init ] --START--
INFO: Run Behavior\BuildLiteBehavior [ RunTime:0.000029s ]
INFO: [ app_init ] --END-- [ RunTime:0.000409s ]

[ 2016-04-12T17:04:55+08:00 ] ::1 /Git/epm/project/index.php/Home/Index/index.html
INFO: [ app_init ] --START--
INFO: Run Behavior\BuildLiteBehavior [ RunTime:0.000041s ]
INFO: [ app_init ] --END-- [ RunTime:0.000560s ]

[ 2016-04-12T17:05:02+08:00 ] ::1 /Git/epm/project/index.php/Home/BsPart/partya.html
INFO: [ app_init ] --START--
INFO: Run Behavior\BuildLiteBehavior [ RunTime:0.000027s ]
INFO: [ app_init ] --END-- [ RunTime:0.000402s ]

[ 2016-04-12T17:05:38+08:00 ] ::1 /Git/epm/project/index.php/Home/Personal/information.html
INFO: [ app_init ] --START--
INFO: Run Behavior\BuildLiteBehavior [ RunTime:0.000055s ]
INFO: [ app_init ] --END-- [ RunTime:0.001052s ]

[ 2016-04-12T17:05:57+08:00 ] ::1 /Git/epm/project/index.php/Home/Index/index.html
INFO: [ app_init ] --START--
INFO: Run Behavior\BuildLiteBehavior [ RunTime:0.000042s ]
INFO: [ app_init ] --END-- [ RunTime:0.000484s ]

[ 2016-04-12T17:05:59+08:00 ] ::1 /Git/epm/project/index.php/Home/Personal/information.html
INFO: [ app_init ] --START--
INFO: Run Behavior\BuildLiteBehavior [ RunTime:0.000049s ]
INFO: [ app_init ] --END-- [ RunTime:0.000985s ]

[ 2016-04-12T17:06:57+08:00 ] ::1 /Git/epm/project/index.php/Home/BsPart/partya.html
INFO: [ app_init ] --START--
INFO: Run Behavior\BuildLiteBehavior [ RunTime:0.000029s ]
INFO: [ app_init ] --END-- [ RunTime:0.000428s ]

[ 2016-04-12T17:08:27+08:00 ] ::1 /Git/epm/project/index.php/Home/BsPart/partya.html
INFO: [ app_init ] --START--
INFO: Run Behavior\BuildLiteBehavior [ RunTime:0.000050s ]
INFO: [ app_init ] --END-- [ RunTime:0.000765s ]

[ 2016-04-12T17:08:33+08:00 ] ::1 /Git/epm/project/index.php/Home/Index/index.html
INFO: [ app_init ] --START--
INFO: Run Behavior\BuildLiteBehavior [ RunTime:0.000027s ]
INFO: [ app_init ] --END-- [ RunTime:0.000396s ]

[ 2016-04-12T17:09:22+08:00 ] ::1 /Git/epm/project/index.php/Home/Index/index.html
INFO: [ app_init ] --START--
INFO: Run Behavior\BuildLiteBehavior [ RunTime:0.000029s ]
INFO: [ app_init ] --END-- [ RunTime:0.000445s ]

[ 2016-04-12T17:09:27+08:00 ] ::1 /Git/epm/project/index.php/Home/BsPart/partya.html
INFO: [ app_init ] --START--
INFO: Run Behavior\BuildLiteBehavior [ RunTime:0.000028s ]
INFO: [ app_init ] --END-- [ RunTime:0.000406s ]

[ 2016-04-12T17:09:30+08:00 ] ::1 /Git/epm/project/index.php/Home/BsPart/partya.html
INFO: [ app_init ] --START--
INFO: Run Behavior\BuildLiteBehavior [ RunTime:0.000028s ]
INFO: [ app_init ] --END-- [ RunTime:0.000421s ]

[ 2016-04-12T17:09:31+08:00 ] ::1 /Git/epm/project/index.php/Home/BsPart/partya.html
INFO: [ app_init ] --START--
INFO: Run Behavior\BuildLiteBehavior [ RunTime:0.000028s ]
INFO: [ app_init ] --END-- [ RunTime:0.000399s ]

